<?xml version="1.0" encoding="UTF-8"?>
<testsuite xmlns:xsi="http://www.w3.org/2001/XMLSchema-instance" xsi:noNamespaceSchemaLocation="https://maven.apache.org/surefire/maven-surefire-plugin/xsd/surefire-test-report-3.0.xsd" version="3.0" name="org.tbee.giwth.BasicTests" time="0.063" tests="5" errors="0" skipped="0" failures="0">
  <properties>
[...]
</properties>
  <testcase name="andBut" classname="org.tbee.giwth.BasicTests" time="0.031"/>
  <testcase name="cyclic" classname="org.tbee.giwth.BasicTests" time="0"/>
  <testcase name="fullGWT" classname="org.tbee.giwth.BasicTests" time="0"/>
  <testcase name="splittedGiven" classname="org.tbee.giwth.BasicTests" time="0"/>
  <testcase name="noGiven" classname="org.tbee.giwth.BasicTests" time="0"/>
</testsuite>